[00:10:51] [main/INFO] (FabricLoader/GameProvider) Loading Minecraft 1.21.4 with Fabric Loader 0.17.3
[00:10:51] [main/INFO] (FabricLoader) Loading 59 mods:
	- architectury 15.0.3
	- cloth-basic-math 0.6.1
	- cloth-config 17.0.144
	- fabric-api 0.119.4+1.21.4
	- fabric-api-base 0.4.54+b47eab6b04
	- fabric-api-lookup-api-v1 1.6.86+b1caf1e904
	- fabric-biome-api-v1 15.0.6+b1c29d8e04
	- fabric-block-api-v1 1.0.31+7feeb73304
	- fabric-block-view-api-v2 1.0.20+9c49cc8c04
	- fabric-blockrenderlayer-v1 2.0.8+7feeb73304
	- fabric-client-gametest-api-v1 4.1.1+6816ccd404
	- fabric-client-tags-api-v1 1.1.29+20ea1e2304
	- fabric-command-api-v1 1.2.62+f71b366f04
	- fabric-command-api-v2 2.2.41+e496eb1504
	- fabric-commands-v0 0.2.79+df3654b304
	- fabric-content-registries-v0 9.1.19+25d1a67604
	- fabric-convention-tags-v1 2.1.20+7f945d5b04
	- fabric-convention-tags-v2 2.14.1+aebda09404
	- fabric-crash-report-info-v1 0.3.6+7feeb73304
	- fabric-data-attachment-api-v1 1.6.2+e99da0f704
	- fabric-data-generation-api-v1 22.3.1+0f4e5f5504
	- fabric-dimensions-v1 4.0.10+7feeb73304
	- fabric-entity-events-v1 2.0.15+62245bef04
	- fabric-events-interaction-v0 4.0.4+a4eebcf004
	- fabric-game-rule-api-v1 1.0.63+7d48d43904
	- fabric-gametest-api-v1 2.0.26+7feeb73304
	- fabric-item-api-v1 11.4.0+189dd6fe04
	- fabric-item-group-api-v1 4.2.2+fcb9601404
	- fabric-key-binding-api-v1 1.0.57+7d48d43904
	- fabric-keybindings-v0 0.2.55+df3654b304
	- fabric-lifecycle-events-v1 2.5.4+bf2a60eb04
	- fabric-loot-api-v2 3.0.38+3f89f5a504
	- fabric-loot-api-v3 1.0.26+203e6b2304
	- fabric-message-api-v1 6.0.26+238a33c004
	- fabric-model-loading-api-v1 4.3.0+ae23723504
	- fabric-networking-api-v1 4.4.0+db5e668204
	- fabric-object-builder-api-v1 18.0.14+38b0d59804
	- fabric-particles-v1 4.0.14+7feeb73304
	- fabric-recipe-api-v1 8.1.1+640e77ae04
	- fabric-registry-sync-v0 6.1.11+4a9c1ece04
	- fabric-renderer-api-v1 5.0.3+50f0feb204
	- fabric-renderer-indigo 2.0.3+50f0feb204
	- fabric-rendering-data-attachment-v1 0.3.58+73761d2e04
	- fabric-rendering-fluids-v1 3.1.19+7feeb73304
	- fabric-rendering-v1 10.2.1+0d31b09f04
	- fabric-resource-conditions-api-v1 5.0.13+203e6b2304
	- fabric-resource-loader-v0 3.1.1[00:10:51] [main/INFO] (FabricLoader/Mixin) SpongePowered MIXIN Subsystem Version=0.8.7 Source=file:/C:/Users/Ditomax/.gradle/caches/modules-2/files-2.1/net.fabricmc/sponge-mixin/0.16.5+mixin.0.8.7/80fc3a9f592673cea87f4cd702f87991c6c9fe4d/sponge-mixin-0.16.5+mixin.0.8.7.jar Service=Knot/Fabric Env=SERVER
[00:10:52] [main/INFO] (FabricLoader/Mixin) Loaded Fabric development mappings for mixin remapper!
[00:10:52] [main/INFO] (FabricLoader/Mixin) Compatibility level set to JAVA_21
[00:10:53] [main/INFO] (FabricLoader/MixinExtras|Service) Initializing MixinExtras via com.llamalad7.mixinextras.service.MixinExtrasServiceImpl(version=0.5.0).
[00:11:03] [main/INFO] (fragmentsmod) Registering Item Groups for fragmentsmod
[00:11:03] [main/INFO] (fragmentsmod) Registering Mod Items for fragmentsmod
[00:11:03] [main/INFO] (Minecraft) Environment: Environment[sessionHost=https://sessionserver.mojang.com, servicesHost=https://api.minecraftservices.com, name=PROD]
[00:11:07] [main/INFO] (Minecraft) Loaded 1370 recipes
[00:11:07] [main/INFO] (Minecraft) Loaded 1481 advancements
[00:11:07] [main/INFO] (BiomeModificationImpl) Applied 0 biome modifications to 0 of 65 new biomes in 1.460 ms
[00:11:07] [Server thread/INFO] (Minecraft) Starting minecraft server version 1.21.4
[00:11:07] [Server thread/INFO] (Minecraft) Loading properties
[00:11:07] [Server thread/INFO] (Minecraft) Default game type: SURVIVAL
[00:11:07] [Server thread/INFO] (Minecraft) Generating keypair
[00:11:07] [Server thread/INFO] (Minecraft) Starting Minecraft server on *:25565
[00:11:07] [Server thread/INFO] (Minecraft) Using default channel type
[00:11:07] [Server thread/WARN] (Minecraft) **** SERVER IS RUNNING IN OFFLINE/INSECURE MODE!
[00:11:07] [Server thread/WARN] (Minecraft) The server will make no attempt to authenticate usernames. Beware.
[00:11:07] [Server thread/WARN] (Minecraft) While this makes the game possible to play without internet access, it also opens up the ability for hackers to connect with any username they choose.
[00:11:07] [Server thread/WARN] (Minecraft) To change this, set "online-mode" to "true" in the server.propertie[00:11:09] [Render thread/INFO] (Minecraft) Reloading ResourceManager: vanilla, fabric, cloth-config, fabric-api, fabric-api-base, fabric-api-lookup-api-v1, fabric-biome-api-v1, fabric-block-api-v1, fabric-block-view-api-v2, fabric-blockrenderlayer-v1, fabric-client-gametest-api-v1, fabric-client-tags-api-v1, fabric-command-api-v1, fabric-command-api-v2, fabric-commands-v0, fabric-content-registries-v0, fabric-convention-tags-v1, fabric-convention-tags-v2, fabric-c[00:11:59] [Server thread/INFO] (Minecraft) Player751[/127.0.0.1:64494] logged in with entity id 75 at (-8.5, 73.0, -21.5)
[00:11:59] [Server thread/INFO] (Minecraft) Player751 joined the game
[00:11:59] [Server thread/WARN] (Minecraft) UUID of added entity already exists: TurtleEntity['Turtle'/78, l='ServerLevel[world]', x=-57.05, y=62.00, z=15.01]
[00:12:00] [Server thread/WARN] (Minecraft) UUID of added entity already exists: TurtleEntity['Turtle'/145, l='ServerLevel[world]', x=-121.18, y=61.00, z=-2.11]
[00:12:05] [Server thread/INFO] (Minecraft) Made Player751 a server operator
[00:12:07] [Server thread/INFO] (Minecraft) [Player751: Set own game mode to Creative Mode]
[00:12:19] [Server thread/INFO] (Minecraft) Player751 has made the advancement [Monster Hunter]
[00:12:43] [Server thread/INFO] (Minecraft) Player751 lost connection: Disconnected
[00:12:43] [Server thread/INFO] (Minecraft) Player751 left the game
:11:09] [Worker-Main-5/INFO] (Minecraft) Found unifont_all_no_pua-16.0.01.hex, loading
[00:11:09] [Worker-Main-7/INFO] (Minecraft) Found unifont_jp_patch-16.0.01.hex, loading
[00:11:11] [Render thread/INFO] (Minecraft) OpenAL initialized on device OpenAL Soft on Lautsprecher (Realtek(R) Audio)
[00:11:11] [Render thread/INFO] (Minecraft) Sound engine started
[00:11:11] [Render thread/INFO] (Minecraft) Created: 1024x512x4 minecraft:textures/atlas/blocks.png-atlas
[00:11:11] [Render thread/INFO] (Minecraft) Created: 256x256x4 minecraft:textures/atlas/signs.png-atlas
[00:11:11] [Render thread/INFO] (Minecraft) Created: 512x512x4 minecraft:textures/atlas/shield_patterns.png-atlas
[00:11:11] [Render thread/INFO] (Minecraft) Created: 512x512x4 minecraft:textures/atlas/banner_patterns.png-atlas
[00:11:11] [Render thread/INFO] (Minecraft) Created: 2048x1024x4 minecraft:textures/atlas/armor_trims.png-atlas
[00:11:11] [Render thread/INFO] (Minecraft) Created: 256x256x4 minecraft:textures/atlas/chest.png-atlas
[00:11:11] [Render thread/INFO] (Minecraft) Created: 128x64x4 minecraft:textures/atlas/decorated_pot.png-atlas
[00:11:11] [Render thread/INFO] (Minecraft) Created: 512x256x4 minecraft:textures/atlas/shulker_boxes.png-atlas
[00:11:11] [Render thread/INFO] (Minecraft) Created: 512x256x4 minecraft:textures/atlas/beds.png-atlas
[00:11:11] [Render thread/INFO] (Minecraft) Created: 64x64x0 minecraft:textures/atlas/map_decorations.png-atlas
[00:11:11] [Render thread/INFO] (Minecraft) Created: 512x256x0 minecraft:textures/atlas/particles.png-atlas
[00:11:11] [Render thread/INFO] (Minecraft) Created: 512x256x0 minecraft:textures/atlas/paintings.png-atlas
[00:11:11] [Render thread/INFO] (Minecraft) Created: 256x128x0 minecraft:textures/atlas/mob_effects.png-atlas
[00:11:11] [Render thread/INFO] (Minecraft) Created: 1024x512x0 minecraft:textures/atlas/gui.png-atlas
[00:11:58] [Render thread/INFO] (Minecraft) Connecting to localhost, 25565
[00:12:00] [Render thread/INFO] (Minecraft) Loaded 2 advancements
[00:12:05] [Render thread/INFO] (Minecraft) [System] [CHAT] [Server: Player751 wurde zum Serveroperator ernannt]
[00:12:07] [Render thread/INFO] (Minecraft) [System] [CHAT] Dein Spielmodus wurde auf Kreativmodus gesetzt
[00:12:19] [Render thread/INFO] (Minecraft) [System] [CHAT] Player751 hat den Fortschritt [Monsterjäger] erzielt
[00:12:19] [Render thread/INFO] (Minecraft) Loaded 41 advancements
[00:12:23] [Render thread/INFO] (Minecraft) Loaded 43 advancements
[00:12:27] [Render thread/INFO] (Minecraft) Loaded 45 advancements
[00:12:43] [Render thread/INFO] (Minecraft) Stopping!
